Synthesizing design: instruction_parser.sv

                      Design Compiler Graphical
                            DC Ultra (TM)
                             DFTMAX (TM)
                         Power Compiler (TM)
                           DesignWare (R)
                           DC Expert (TM)
                         Design Vision (TM)
                          HDL Compiler (TM)
                         VHDL Compiler (TM)
                            DFT Compiler
                        Library Compiler (TM)
                         Design Compiler(R)

            Version G-2012.06 for RHEL64 -- May 30, 2012
               Copyright (c) 1988-2012 Synopsys, Inc.

This software and the associated documentation are confidential and 
proprietary to Synopsys, Inc. Your use or disclosure of this software 
is subject to the terms and conditions of a written license agreement 
between you, or your company, and Synopsys, Inc.

Initializing...
dc_shell> dc_shell> Running PRESTO HDLC
Searching for ./flex_fifo.sv
Searching for /package/eda/synopsys/syn-G-2012.06/libraries/syn/flex_fifo.sv
Searching for /package/eda/synopsys/syn-G-2012.06/dw/sim_ver/flex_fifo.sv
Searching for ./source/flex_fifo.sv
Searching for ./flex_indexer.sv
Searching for /package/eda/synopsys/syn-G-2012.06/libraries/syn/flex_indexer.sv
Searching for /package/eda/synopsys/syn-G-2012.06/dw/sim_ver/flex_indexer.sv
Searching for ./source/flex_indexer.sv
Searching for ./scheduling_logic.sv
Searching for /package/eda/synopsys/syn-G-2012.06/libraries/syn/scheduling_logic.sv
Searching for /package/eda/synopsys/syn-G-2012.06/dw/sim_ver/scheduling_logic.sv
Searching for ./source/scheduling_logic.sv
Searching for ./dependancy_reg.sv
Searching for /package/eda/synopsys/syn-G-2012.06/libraries/syn/dependancy_reg.sv
Searching for /package/eda/synopsys/syn-G-2012.06/dw/sim_ver/dependancy_reg.sv
Searching for ./source/dependancy_reg.sv
Searching for ./upDownCounter.sv
Searching for /package/eda/synopsys/syn-G-2012.06/libraries/syn/upDownCounter.sv
Searching for /package/eda/synopsys/syn-G-2012.06/dw/sim_ver/upDownCounter.sv
Searching for ./source/upDownCounter.sv
Searching for ./instruction_parser.sv
Searching for /package/eda/synopsys/syn-G-2012.06/libraries/syn/instruction_parser.sv
Searching for /package/eda/synopsys/syn-G-2012.06/dw/sim_ver/instruction_parser.sv
Searching for ./source/instruction_parser.sv
Compiling source file ./source/flex_fifo.sv
Compiling source file ./source/flex_indexer.sv
Compiling source file ./source/scheduling_logic.sv
Compiling source file ./source/dependancy_reg.sv
Compiling source file ./source/upDownCounter.sv
Compiling source file ./source/instruction_parser.sv
Presto compilation completed successfully.
Loading db file '/package/eda/cells/OSU/v2.7/synopsys/lib/ami05/osu05_stdcells.db'
Loading db file '/package/eda/synopsys/syn-G-2012.06/libraries/syn/dw_foundation.sldb'
1
dc_shell> Loading db file '/package/eda/synopsys/syn-G-2012.06/libraries/syn/gtech.db'
Loading db file '/package/eda/synopsys/syn-G-2012.06/libraries/syn/standard.sldb'
  Loading link library 'osu05_stdcells'
  Loading link library 'gtech'
Running PRESTO HDLC

Inferred memory devices in process
	in routine instruction_parser line 87 in file
		'./source/instruction_parser.sv'.
===============================================================================
|    Register Name    |   Type    | Width | Bus | MB | AR | AS | SR | SS | ST |
===============================================================================
|    prev_fifo_reg    | Flip-flop |   1   |  N  | N  | Y  | N  | N  | N  | N  |
===============================================================================
Statistics for MUX_OPs
=================================================================
|    block name/line     | Inputs | Outputs | # sel inputs | MB |
=================================================================
| instruction_parser/122 |   16   |    4    |      4       | N  |
=================================================================
Presto compilation completed successfully.
Elaborated 1 design.
Current design is now 'instruction_parser'.
Information: Building the design 'upDownCounter'. (HDL-193)

Inferred memory devices in process
	in routine upDownCounter line 24 in file
		'./source/upDownCounter.sv'.
===============================================================================
|    Register Name    |   Type    | Width | Bus | MB | AR | AS | SR | SS | ST |
===============================================================================
|    count_out_reg    | Flip-flop |   4   |  Y  | N  | Y  | N  | N  | N  | N  |
===============================================================================
Presto compilation completed successfully.
Information: Building the design 'flex_fifo' instantiated from design 'instruction_parser' with
	the parameters "WIDTH=32,DEPTH=4,BITS_WIDTH=5,BITS_DEPTH=2". (HDL-193)

Inferred memory devices in process
	in routine flex_fifo_WIDTH32_DEPTH4_BITS_WIDTH5_BITS_DEPTH2 line 61 in file
		'./source/flex_fifo.sv'.
===============================================================================
|    Register Name    |   Type    | Width | Bus | MB | AR | AS | SR | SS | ST |
===============================================================================
|      data_reg       | Flip-flop |  128  |  Y  | N  | Y  | N  | N  | N  | N  |
===============================================================================
Statistics for MUX_OPs
==============================================================================================
|                  block name/line                    | Inputs | Outputs | # sel inputs | MB |
==============================================================================================
| flex_fifo_WIDTH32_DEPTH4_BITS_WIDTH5_BITS_DEPTH2/94 |   4    |   32    |      2       | N  |
==============================================================================================
Presto compilation completed successfully.
Information: Building the design 'flex_indexer' instantiated from design 'flex_fifo_WIDTH32_DEPTH4_BITS_WIDTH5_BITS_DEPTH2' with
	the parameters "NUM_CNT_BITS=2". (HDL-193)

Inferred memory devices in process
	in routine flex_indexer_NUM_CNT_BITS2 line 26 in file
		'./source/flex_indexer.sv'.
===============================================================================
|    Register Name    |   Type    | Width | Bus | MB | AR | AS | SR | SS | ST |
===============================================================================
|  rollover_flag_reg  | Flip-flop |   1   |  N  | N  | Y  | N  | N  | N  | N  |
|    count_out_reg    | Flip-flop |   2   |  Y  | N  | Y  | N  | N  | N  | N  |
===============================================================================
Presto compilation completed successfully.
1
dc_shell> dc_shell> Information: Uniquified 16 instances of design 'upDownCounter'. (OPT-1056)
Information: Uniquified 2 instances of design 'flex_indexer_NUM_CNT_BITS2'. (OPT-1056)
1
dc_shell> dc_shell> dc_shell> dc_shell> dc_shell> dc_shell> 1
dc_shell> dc_shell> dc_shell> Information: Checking out the license 'DesignWare'. (SEC-104)
Information: Evaluating DesignWare library utilization. (UISN-27)

============================================================================
| DesignWare Building Block Library  |         Version         | Available |
============================================================================
| Basic DW Building Blocks           | G-2012.06-DWBB_201206.0 |     *     |
| Licensed DW Building Blocks        | G-2012.06-DWBB_201206.0 |     *     |
============================================================================


Information: There are 84 potential problems in your design. Please run 'check_design' for more information. (LINT-99)



  Beginning Pass 1 Mapping
  ------------------------
  Processing 'flex_indexer_NUM_CNT_BITS2_0'
Information: Added key list 'DesignWare' to design 'flex_indexer_NUM_CNT_BITS2_0'. (DDB-72)
Information: The register 'rollover_flag_reg' is a constant and will be removed. (OPT-1206)
  Processing 'flex_fifo_WIDTH32_DEPTH4_BITS_WIDTH5_BITS_DEPTH2'
Information: Added key list 'DesignWare' to design 'flex_fifo_WIDTH32_DEPTH4_BITS_WIDTH5_BITS_DEPTH2'. (DDB-72)
  Processing 'upDownCounter_0'
  Processing 'instruction_parser'

  Updating timing information
Information: Updating design information... (UID-85)

  Beginning Implementation Selection
  ----------------------------------

  Beginning Mapping Optimizations  (Medium effort)
  -------------------------------
  Mapping Optimization (Phase 1)
  Mapping Optimization (Phase 2)
  Mapping Optimization (Phase 3)

   ELAPSED            WORST NEG TOTAL NEG  DESIGN                            
    TIME      AREA      SLACK     SLACK   RULE COST         ENDPOINT         
  --------- --------- --------- --------- --------- -------------------------
    0:00:05  589284.0      0.42      57.1       0.0                          
    0:00:05  589284.0      0.42      57.1       0.0                          
    0:00:05  589284.0      0.42      57.1       0.0                          
    0:00:05  589284.0      0.42      57.1       0.0                          
    0:00:05  589284.0      0.42      57.1       0.0                          
    0:00:05  589284.0      0.42      57.1       0.0                          
    0:00:05  586260.0      0.50      66.4       0.0                          
    0:00:05  586224.0      0.41      56.2       0.0                          
    0:00:05  585936.0      0.45      60.8       0.0                          
    0:00:05  585504.0      0.42      56.6       0.0                          
    0:00:05  585432.0      0.40      53.8       0.0                          
    0:00:05  585432.0      0.37      50.2       0.0                          
    0:00:05  585936.0      0.36      49.8       0.0                          
    0:00:05  585936.0      0.36      49.8       0.0                          
    0:00:05  585936.0      0.36      49.8       0.0                          
    0:00:05  585936.0      0.36      49.8       0.0                          
    0:00:05  585936.0      0.36      49.8       0.0                          
    0:00:05  585936.0      0.36      49.8       0.0                          
    0:00:05  585936.0      0.36      49.8       0.0                          
    0:00:05  585864.0      0.36      49.4       0.0 Data_buffer/data_reg[0][0]/D
    0:00:06  585864.0      0.36      49.4       0.0                          



  Beginning Delay Optimization Phase
  ----------------------------------

   ELAPSED            WORST NEG TOTAL NEG  DESIGN                            
    TIME      AREA      SLACK     SLACK   RULE COST         ENDPOINT         
  --------- --------- --------- --------- --------- -------------------------
    0:00:06  585864.0      0.36      49.4       0.0                          
    0:00:06  585864.0      0.36      49.4       0.0                          
    0:00:06  585864.0      0.36      49.4       0.0                          
    0:00:06  586152.0      0.36      47.9       0.0                          
    0:00:07  586584.0      0.36      47.7       0.0                          
    0:00:07  586584.0      0.36      47.6       0.0                          
    0:00:07  586584.0      0.36      47.5       0.0                          


  Beginning Area-Recovery Phase  (cleanup)
  -----------------------------

   ELAPSED            WORST NEG TOTAL NEG  DESIGN                            
    TIME      AREA      SLACK     SLACK   RULE COST         ENDPOINT         
  --------- --------- --------- --------- --------- -------------------------
    0:00:07  586584.0      0.36      47.5       0.0                          
    0:00:07  586584.0      0.36      47.5       0.0                          
    0:00:07  586584.0      0.36      47.5       0.0                          
    0:00:07  585576.0      0.36      47.5       0.0                          
    0:00:07  585288.0      0.36      47.5       0.0                          
    0:00:07  584784.0      0.36      47.5       0.0                          
    0:00:07  584784.0      0.36      47.5       0.0                          
    0:00:07  584784.0      0.36      47.5       0.0                          
    0:00:07  584784.0      0.36      47.5       0.0                          
    0:00:07  584784.0      0.36      47.5       0.0                          
    0:00:07  584784.0      0.36      47.5       0.0                          
    0:00:07  584784.0      0.36      47.5       0.0                          
    0:00:07  584784.0      0.36      47.5       0.0                          
    0:00:07  584784.0      0.36      47.5       0.0                          
    0:00:07  584784.0      0.36      47.5       0.0                          
    0:00:07  584784.0      0.36      47.5       0.0                          
    0:00:07  584784.0      0.36      47.5       0.0                          
    0:00:07  584784.0      0.36      47.5       0.0                          
    0:00:08  584784.0      0.36      47.5       0.0                          
Loading db file '/package/eda/cells/OSU/v2.7/synopsys/lib/ami05/osu05_stdcells.db'

  Optimization Complete
  ---------------------
1
dc_shell> dc_shell> dc_shell> dc_shell> dc_shell> dc_shell> dc_shell> dc_shell> Writing verilog file '/home/ecegrid/a/mg76/ece337/ProjectScheduler/mapped/instruction_parser.v'.
Warning: Verilog 'assign' or 'tran' statements are written out. (VO-4)
1
dc_shell> 
Script Done

dc_shell> 
Checking Design

dc_shell>  
****************************************
check_design summary:
Version:     G-2012.06
Date:        Wed Apr 29 00:15:42 2015
****************************************

                   Name                                            Total
--------------------------------------------------------------------------------
Inputs/Outputs                                                     34
    Unconnected ports (LINT-28)                                    12
    Feedthrough (LINT-29)                                          20
    Constant outputs (LINT-52)                                      2

Cells                                                               8
    Connected to power or ground (LINT-32)                          6
    Nets connected to multiple pins on same cell (LINT-33)          2
--------------------------------------------------------------------------------

Warning: In design 'instruction_parser', port 'address_bus[15]' is not connected to any nets. (LINT-28)
Warning: In design 'instruction_parser', port 'address_bus[14]' is not connected to any nets. (LINT-28)
Warning: In design 'instruction_parser', port 'address_bus[13]' is not connected to any nets. (LINT-28)
Warning: In design 'instruction_parser', port 'address_bus[12]' is not connected to any nets. (LINT-28)
Warning: In design 'instruction_parser', port 'address_bus[11]' is not connected to any nets. (LINT-28)
Warning: In design 'instruction_parser', port 'address_bus[10]' is not connected to any nets. (LINT-28)
Warning: In design 'instruction_parser', port 'address_bus[9]' is not connected to any nets. (LINT-28)
Warning: In design 'instruction_parser', port 'address_bus[8]' is not connected to any nets. (LINT-28)
Warning: In design 'instruction_parser', port 'address_bus[7]' is not connected to any nets. (LINT-28)
Warning: In design 'instruction_parser', port 'address_bus[6]' is not connected to any nets. (LINT-28)
Warning: In design 'instruction_parser', port 'address_bus[5]' is not connected to any nets. (LINT-28)
Warning: In design 'instruction_parser', port 'address_bus[4]' is not connected to any nets. (LINT-28)
Warning: In design 'instruction_parser', input port 'address_bus[31]' is connected directly to output port 'instruction_out[15]'. (LINT-29)
Warning: In design 'instruction_parser', input port 'address_bus[30]' is connected directly to output port 'instruction_out[14]'. (LINT-29)
Warning: In design 'instruction_parser', input port 'address_bus[29]' is connected directly to output port 'instruction_out[13]'. (LINT-29)
Warning: In design 'instruction_parser', input port 'address_bus[28]' is connected directly to output port 'instruction_out[12]'. (LINT-29)
Warning: In design 'instruction_parser', input port 'address_bus[27]' is connected directly to output port 'instruction_out[11]'. (LINT-29)
Warning: In design 'instruction_parser', input port 'address_bus[26]' is connected directly to output port 'instruction_out[10]'. (LINT-29)
Warning: In design 'instruction_parser', input port 'address_bus[25]' is connected directly to output port 'instruction_out[9]'. (LINT-29)
Warning: In design 'instruction_parser', input port 'address_bus[24]' is connected directly to output port 'instruction_out[8]'. (LINT-29)
Warning: In design 'instruction_parser', input port 'address_bus[23]' is connected directly to output port 'instruction_out[7]'. (LINT-29)
Warning: In design 'instruction_parser', input port 'address_bus[22]' is connected directly to output port 'instruction_out[6]'. (LINT-29)
Warning: In design 'instruction_parser', input port 'address_bus[21]' is connected directly to output port 'instruction_out[5]'. (LINT-29)
Warning: In design 'instruction_parser', input port 'address_bus[20]' is connected directly to output port 'instruction_out[4]'. (LINT-29)
Warning: In design 'instruction_parser', input port 'address_bus[19]' is connected directly to output port 'instruction_out[3]'. (LINT-29)
Warning: In design 'instruction_parser', input port 'address_bus[18]' is connected directly to output port 'instruction_out[2]'. (LINT-29)
Warning: In design 'instruction_parser', input port 'address_bus[17]' is connected directly to output port 'instruction_out[1]'. (LINT-29)
Warning: In design 'instruction_parser', input port 'address_bus[16]' is connected directly to output port 'instruction_out[0]'. (LINT-29)
Warning: In design 'instruction_parser', input port 'address_bus[3]' is connected directly to output port 'out_reg[3]'. (LINT-29)
Warning: In design 'instruction_parser', input port 'address_bus[2]' is connected directly to output port 'out_reg[2]'. (LINT-29)
Warning: In design 'instruction_parser', input port 'address_bus[1]' is connected directly to output port 'out_reg[1]'. (LINT-29)
Warning: In design 'instruction_parser', input port 'address_bus[0]' is connected directly to output port 'out_reg[0]'. (LINT-29)
Warning: In design 'flex_fifo_WIDTH32_DEPTH4_BITS_WIDTH5_BITS_DEPTH2', a pin on submodule 'Write_pointer' is connected to logic 1 or logic 0. (LINT-32)
   Pin 'clear' is connected to logic 0. 
Warning: In design 'flex_fifo_WIDTH32_DEPTH4_BITS_WIDTH5_BITS_DEPTH2', a pin on submodule 'Write_pointer' is connected to logic 1 or logic 0. (LINT-32)
   Pin 'rollover_val[1]' is connected to logic 1. 
Warning: In design 'flex_fifo_WIDTH32_DEPTH4_BITS_WIDTH5_BITS_DEPTH2', a pin on submodule 'Write_pointer' is connected to logic 1 or logic 0. (LINT-32)
   Pin 'rollover_val[0]' is connected to logic 1. 
Warning: In design 'flex_fifo_WIDTH32_DEPTH4_BITS_WIDTH5_BITS_DEPTH2', a pin on submodule 'Read_pointer' is connected to logic 1 or logic 0. (LINT-32)
   Pin 'clear' is connected to logic 0. 
Warning: In design 'flex_fifo_WIDTH32_DEPTH4_BITS_WIDTH5_BITS_DEPTH2', a pin on submodule 'Read_pointer' is connected to logic 1 or logic 0. (LINT-32)
   Pin 'rollover_val[1]' is connected to logic 1. 
Warning: In design 'flex_fifo_WIDTH32_DEPTH4_BITS_WIDTH5_BITS_DEPTH2', a pin on submodule 'Read_pointer' is connected to logic 1 or logic 0. (LINT-32)
   Pin 'rollover_val[0]' is connected to logic 1. 
Warning: In design 'flex_fifo_WIDTH32_DEPTH4_BITS_WIDTH5_BITS_DEPTH2', the same net is connected to more than one pin on submodule 'Write_pointer'. (LINT-33)
   Net '*Logic1*' is connected to pins 'rollover_val[1]', 'rollover_val[0]''.
Warning: In design 'flex_fifo_WIDTH32_DEPTH4_BITS_WIDTH5_BITS_DEPTH2', the same net is connected to more than one pin on submodule 'Read_pointer'. (LINT-33)
   Net '*Logic1*' is connected to pins 'rollover_val[1]', 'rollover_val[0]''.
Warning: In design 'flex_indexer_NUM_CNT_BITS2_1', output port 'rollover_flag' is connected directly to 'logic 0'. (LINT-52)
Warning: In design 'flex_indexer_NUM_CNT_BITS2_0', output port 'rollover_flag' is connected directly to 'logic 0'. (LINT-52)
1
dc_shell> 
Thank you...
Done


