Synthesizing design: scheduler.sv

                      Design Compiler Graphical
                            DC Ultra (TM)
                             DFTMAX (TM)
                         Power Compiler (TM)
                           DesignWare (R)
                           DC Expert (TM)
                         Design Vision (TM)
                          HDL Compiler (TM)
                         VHDL Compiler (TM)
                            DFT Compiler
                        Library Compiler (TM)
                         Design Compiler(R)

            Version G-2012.06 for RHEL64 -- May 30, 2012
               Copyright (c) 1988-2012 Synopsys, Inc.

This software and the associated documentation are confidential and 
proprietary to Synopsys, Inc. Your use or disclosure of this software 
is subject to the terms and conditions of a written license agreement 
between you, or your company, and Synopsys, Inc.

Initializing...
dc_shell> dc_shell> Running PRESTO HDLC
Searching for ./flex_fifo.sv
Searching for /package/eda/synopsys/syn-G-2012.06/libraries/syn/flex_fifo.sv
Searching for /package/eda/synopsys/syn-G-2012.06/dw/sim_ver/flex_fifo.sv
Searching for ./source/flex_fifo.sv
Searching for ./flex_indexer.sv
Searching for /package/eda/synopsys/syn-G-2012.06/libraries/syn/flex_indexer.sv
Searching for /package/eda/synopsys/syn-G-2012.06/dw/sim_ver/flex_indexer.sv
Searching for ./source/flex_indexer.sv
Searching for ./scheduling_logic.sv
Searching for /package/eda/synopsys/syn-G-2012.06/libraries/syn/scheduling_logic.sv
Searching for /package/eda/synopsys/syn-G-2012.06/dw/sim_ver/scheduling_logic.sv
Searching for ./source/scheduling_logic.sv
Searching for ./dependancy_reg.sv
Searching for /package/eda/synopsys/syn-G-2012.06/libraries/syn/dependancy_reg.sv
Searching for /package/eda/synopsys/syn-G-2012.06/dw/sim_ver/dependancy_reg.sv
Searching for ./source/dependancy_reg.sv
Searching for ./scheduler.sv
Searching for /package/eda/synopsys/syn-G-2012.06/libraries/syn/scheduler.sv
Searching for /package/eda/synopsys/syn-G-2012.06/dw/sim_ver/scheduler.sv
Searching for ./source/scheduler.sv
Compiling source file ./source/flex_fifo.sv
Compiling source file ./source/flex_indexer.sv
Compiling source file ./source/scheduling_logic.sv
Compiling source file ./source/dependancy_reg.sv
Compiling source file ./source/scheduler.sv
Presto compilation completed successfully.
Loading db file '/package/eda/cells/OSU/v2.7/synopsys/lib/ami05/osu05_stdcells.db'
Loading db file '/package/eda/synopsys/syn-G-2012.06/libraries/syn/dw_foundation.sldb'
1
dc_shell> Loading db file '/package/eda/synopsys/syn-G-2012.06/libraries/syn/gtech.db'
Loading db file '/package/eda/synopsys/syn-G-2012.06/libraries/syn/standard.sldb'
  Loading link library 'osu05_stdcells'
  Loading link library 'gtech'
Running PRESTO HDLC
Presto compilation completed successfully.
Elaborated 1 design.
Current design is now 'scheduler'.
Information: Building the design 'scheduling_logic'. (HDL-193)
Statistics for MUX_OPs
===============================================================
|   block name/line    | Inputs | Outputs | # sel inputs | MB |
===============================================================
| scheduling_logic/144 |   16   |    1    |      4       | N  |
| scheduling_logic/197 |   16   |    1    |      4       | N  |
| scheduling_logic/197 |   16   |    1    |      4       | N  |
===============================================================
Presto compilation completed successfully.
Information: Building the design 'flex_fifo' instantiated from design 'scheduler' with
	the parameters "WIDTH=16,DEPTH=10,BITS_WIDTH=4,BITS_DEPTH=4". (HDL-193)

Inferred memory devices in process
	in routine flex_fifo_WIDTH16_DEPTH10_BITS_WIDTH4_BITS_DEPTH4 line 61 in file
		'./source/flex_fifo.sv'.
===============================================================================
|    Register Name    |   Type    | Width | Bus | MB | AR | AS | SR | SS | ST |
===============================================================================
|      data_reg       | Flip-flop |  160  |  Y  | N  | Y  | N  | N  | N  | N  |
===============================================================================
Presto compilation completed successfully.
Information: Building the design 'dependancy_reg'. (HDL-193)

Inferred memory devices in process
	in routine dependancy_reg line 25 in file
		'./source/dependancy_reg.sv'.
=================================================================================
|     Register Name     |   Type    | Width | Bus | MB | AR | AS | SR | SS | ST |
=================================================================================
| dependency_exists_reg | Flip-flop |  16   |  N  | N  | Y  | N  | N  | N  | N  |
=================================================================================
Presto compilation completed successfully.
Information: Building the design 'flex_indexer' instantiated from design 'flex_fifo_WIDTH16_DEPTH10_BITS_WIDTH4_BITS_DEPTH4' with
	the parameters "NUM_CNT_BITS=4". (HDL-193)

Inferred memory devices in process
	in routine flex_indexer_NUM_CNT_BITS4 line 26 in file
		'./source/flex_indexer.sv'.
===============================================================================
|    Register Name    |   Type    | Width | Bus | MB | AR | AS | SR | SS | ST |
===============================================================================
|  rollover_flag_reg  | Flip-flop |   1   |  N  | N  | Y  | N  | N  | N  | N  |
|    count_out_reg    | Flip-flop |   4   |  Y  | N  | Y  | N  | N  | N  | N  |
===============================================================================
Presto compilation completed successfully.
1
dc_shell> dc_shell> Information: Uniquified 2 instances of design 'flex_indexer_NUM_CNT_BITS4'. (OPT-1056)
1
dc_shell> dc_shell> dc_shell> dc_shell> dc_shell> dc_shell> 1
dc_shell> dc_shell> dc_shell> Information: Checking out the license 'DesignWare'. (SEC-104)
Information: Evaluating DesignWare library utilization. (UISN-27)

============================================================================
| DesignWare Building Block Library  |         Version         | Available |
============================================================================
| Basic DW Building Blocks           | G-2012.06-DWBB_201206.0 |     *     |
| Licensed DW Building Blocks        | G-2012.06-DWBB_201206.0 |     *     |
============================================================================


Information: There are 26 potential problems in your design. Please run 'check_design' for more information. (LINT-99)



  Beginning Pass 1 Mapping
  ------------------------
  Processing 'dependancy_reg'
  Processing 'flex_indexer_NUM_CNT_BITS4_0'
Information: Added key list 'DesignWare' to design 'flex_indexer_NUM_CNT_BITS4_0'. (DDB-72)
Information: The register 'rollover_flag_reg' is a constant and will be removed. (OPT-1206)
  Processing 'flex_fifo_WIDTH16_DEPTH10_BITS_WIDTH4_BITS_DEPTH4'
Information: Added key list 'DesignWare' to design 'flex_fifo_WIDTH16_DEPTH10_BITS_WIDTH4_BITS_DEPTH4'. (DDB-72)
  Processing 'scheduling_logic'
  Processing 'scheduler'

  Updating timing information
Information: Updating design information... (UID-85)

  Beginning Implementation Selection
  ----------------------------------
  Processing 'flex_fifo_WIDTH16_DEPTH10_BITS_WIDTH4_BITS_DEPTH4_DW01_inc_0'

  Beginning Mapping Optimizations  (Medium effort)
  -------------------------------
  Mapping Optimization (Phase 1)
  Mapping Optimization (Phase 2)

   ELAPSED            WORST NEG TOTAL NEG  DESIGN                            
    TIME      AREA      SLACK     SLACK   RULE COST         ENDPOINT         
  --------- --------- --------- --------- --------- -------------------------
    0:00:06  559782.0      2.85     419.3       0.0                          
    0:00:06  559782.0      2.85     419.3       0.0                          
    0:00:06  559782.0      2.85     419.3       0.0                          
    0:00:06  559782.0      2.85     419.3       0.0                          
    0:00:06  559782.0      2.85     419.3       0.0                          
    0:00:06  559782.0      2.85     419.3       0.0                          
    0:00:06  552294.0      3.21     428.9       0.0                          
    0:00:06  552726.0      3.17     428.6       0.0                          
    0:00:06  553374.0      2.89     422.8       0.0                          
    0:00:06  553014.0      2.89     422.8       0.0                          
    0:00:06  553014.0      2.89     422.8       0.0                          
    0:00:06  553014.0      2.89     422.8       0.0                          
    0:00:06  553014.0      2.89     422.8       0.0                          
    0:00:06  553014.0      2.89     422.8       0.0                          
    0:00:06  553014.0      2.89     422.8       0.0                          
    0:00:06  553014.0      2.89     422.8       0.0                          
    0:00:06  553014.0      2.89     422.8       0.0                          
    0:00:06  553014.0      2.89     422.8       0.0                          



  Beginning Delay Optimization Phase
  ----------------------------------

   ELAPSED            WORST NEG TOTAL NEG  DESIGN                            
    TIME      AREA      SLACK     SLACK   RULE COST         ENDPOINT         
  --------- --------- --------- --------- --------- -------------------------
    0:00:06  553014.0      2.89     422.8       0.0                          
    0:00:06  554319.0      2.83     421.9       0.0 Dependency_reg/dependency_exists_reg[15]/D
    0:00:06  555813.0      2.78     421.0       0.0 Dependency_reg/dependency_exists_reg[11]/D
    0:00:06  556677.0      2.76     420.6       0.0 Dependency_reg/dependency_exists_reg[11]/D
    0:00:06  557325.0      2.73     420.1       0.0 Dependency_reg/dependency_exists_reg[11]/D
    0:00:07  558045.0      2.72     419.6       0.0 Dependency_reg/dependency_exists_reg[11]/D
    0:00:07  558621.0      2.69     419.2       0.0 Dependency_reg/dependency_exists_reg[11]/D
    0:00:07  559053.0      2.67     418.8       0.0 Dependency_reg/dependency_exists_reg[11]/D
    0:00:07  559638.0      2.64     418.5       0.0 Dependency_reg/dependency_exists_reg[11]/D
    0:00:07  559998.0      2.63     418.3       0.0 Input_Buffer/Read_pointer/count_out_reg[2]/D
    0:00:07  561006.0      2.62     418.0       0.0 Input_Buffer/Read_pointer/count_out_reg[2]/D
    0:00:07  561582.0      2.59     417.5       0.0 Input_Buffer/Read_pointer/count_out_reg[2]/D
    0:00:07  561942.0      2.57     417.0       0.0 Dependency_reg/dependency_exists_reg[12]/D
    0:00:07  562986.0      2.55     416.7       0.0 Dependency_reg/dependency_exists_reg[6]/D
    0:00:07  563130.0      2.55     416.5       0.0 Dependency_reg/dependency_exists_reg[12]/D
    0:00:07  564138.0      2.53     416.1       0.0 Input_Buffer/Read_pointer/count_out_reg[2]/D
    0:00:07  564426.0      2.51     415.8       0.0 Input_Buffer/Read_pointer/count_out_reg[2]/D
    0:00:07  565110.0      2.51     415.5       0.0 Dependency_reg/dependency_exists_reg[12]/D
    0:00:08  565542.0      2.48     415.3       0.0 Input_Buffer/Read_pointer/count_out_reg[2]/D
    0:00:08  565614.0      2.48     415.3       0.0 Dependency_reg/dependency_exists_reg[0]/D
    0:00:08  565542.0      2.47     415.0       0.0 Input_Buffer/Read_pointer/count_out_reg[2]/D
    0:00:08  565470.0      2.47     414.9       0.0 Dependency_reg/dependency_exists_reg[3]/D
    0:00:08  565686.0      2.45     414.6       0.0 Input_Buffer/Read_pointer/count_out_reg[2]/D
    0:00:08  565902.0      2.44     414.4       0.0 Input_Buffer/Read_pointer/count_out_reg[2]/D
    0:00:08  566046.0      2.43     414.0       0.0 Dependency_reg/dependency_exists_reg[15]/D
    0:00:08  566190.0      2.43     414.0       0.0 Input_Buffer/Read_pointer/count_out_reg[2]/D
    0:00:08  566946.0      2.42     413.9       0.0 Input_Buffer/Read_pointer/count_out_reg[2]/D
    0:00:08  566802.0      2.42     413.9       0.0 Input_Buffer/Read_pointer/count_out_reg[2]/D
    0:00:08  567522.0      2.41     413.5       0.0 Input_Buffer/Read_pointer/count_out_reg[2]/D
    0:00:08  567666.0      2.40     413.3       0.0 Input_Buffer/Read_pointer/count_out_reg[2]/D
    0:00:08  567882.0      2.40     412.6       0.0 Input_Buffer/Read_pointer/count_out_reg[2]/D
    0:00:08  568674.0      2.40     412.6       0.0 Input_Buffer/Read_pointer/count_out_reg[2]/D
    0:00:08  568674.0      2.39     412.6       0.0 Input_Buffer/Read_pointer/count_out_reg[2]/D
    0:00:08  568674.0      2.39     412.6       0.0 Input_Buffer/Read_pointer/count_out_reg[2]/D
    0:00:08  569835.0      2.38     412.4       0.0 Input_Buffer/Read_pointer/count_out_reg[2]/D
    0:00:09  569907.0      2.37     412.4       0.0 Input_Buffer/Read_pointer/count_out_reg[2]/D
    0:00:09  570411.0      2.33     411.8       0.0 Dependency_reg/dependency_exists_reg[1]/D
    0:00:09  570339.0      2.32     411.8       0.0 Dependency_reg/dependency_exists_reg[15]/D
    0:00:09  570555.0      2.31     408.6       0.0 Dependency_reg/dependency_exists_reg[15]/D
    0:00:09  570771.0      2.31     408.5       0.0 Dependency_reg/dependency_exists_reg[4]/D
    0:00:09  570843.0      2.30     408.4       0.0 Dependency_reg/dependency_exists_reg[4]/D
    0:00:09  570987.0      2.29     359.5       0.0 Dependency_reg/dependency_exists_reg[6]/D
    0:00:09  570843.0      2.29     359.5       0.0 Input_Buffer/Read_pointer/count_out_reg[2]/D
    0:00:09  570987.0      2.29     359.4       0.0 Input_Buffer/Read_pointer/count_out_reg[0]/D
    0:00:09  570987.0      2.29     359.4       0.0 Input_Buffer/Read_pointer/count_out_reg[0]/D
    0:00:09  571419.0      2.29     359.3       0.0 Input_Buffer/Read_pointer/count_out_reg[0]/D
    0:00:09  571347.0      2.28     359.3       0.0 Input_Buffer/Read_pointer/count_out_reg[0]/D
    0:00:09  571347.0      2.28     359.3       0.0 Input_Buffer/Read_pointer/count_out_reg[0]/D
    0:00:10  571347.0      2.28     359.3       0.0 Input_Buffer/Read_pointer/count_out_reg[0]/D
    0:00:10  571347.0      2.28     359.3       0.0 Input_Buffer/Read_pointer/count_out_reg[0]/D
    0:00:10  571419.0      2.28     359.1       0.0 Dependency_reg/dependency_exists_reg[6]/D
    0:00:10  571419.0      2.28     359.0       0.0 Input_Buffer/Read_pointer/count_out_reg[0]/D
    0:00:10  572391.0      2.26     358.7       0.0 Dependency_reg/dependency_exists_reg[1]/D
    0:00:10  572391.0      2.26     358.7       0.0 Input_Buffer/Read_pointer/count_out_reg[0]/D
    0:00:10  572679.0      2.26     358.7       0.0 Input_Buffer/Read_pointer/count_out_reg[0]/D
    0:00:10  572823.0      2.26     358.6       0.0 Input_Buffer/Read_pointer/count_out_reg[0]/D
    0:00:10  572967.0      2.26     358.6       0.0 Input_Buffer/Read_pointer/count_out_reg[0]/D
    0:00:10  572967.0      2.25     358.5       0.0 Dependency_reg/dependency_exists_reg[4]/D
    0:00:10  573039.0      2.25     358.4       0.0 Input_Buffer/Read_pointer/count_out_reg[0]/D
    0:00:11  573039.0      2.25     358.4       0.0                          
    0:00:11  573039.0      2.25     358.4       0.0                          
    0:00:11  572967.0      2.25     358.4       0.0                          
    0:00:11  572967.0      2.25     358.4       0.0                          
    0:00:11  573039.0      2.25     358.4       0.0                          
    0:00:11  573111.0      2.25     358.3       0.0                          
    0:00:11  573327.0      2.25     358.1       0.0                          
    0:00:11  573327.0      2.25     354.9       0.0                          
    0:00:11  577719.0      2.25     337.8       0.0                          
    0:00:11  578007.0      2.25     329.4       0.0                          


  Beginning Area-Recovery Phase  (cleanup)
  -----------------------------

   ELAPSED            WORST NEG TOTAL NEG  DESIGN                            
    TIME      AREA      SLACK     SLACK   RULE COST         ENDPOINT         
  --------- --------- --------- --------- --------- -------------------------
    0:00:11  578007.0      2.25     329.4       0.0                          
    0:00:11  578007.0      2.25     329.4       0.0                          
    0:00:11  578007.0      2.25     329.4       0.0                          
    0:00:11  574263.0      2.25     329.5       0.0                          
    0:00:11  573183.0      2.25     329.5       0.0                          
    0:00:11  572895.0      2.25     329.5       0.0                          
    0:00:11  572751.0      2.25     329.5       0.0                          
    0:00:11  572751.0      2.25     329.5       0.0                          
    0:00:11  572751.0      2.25     329.5       0.0                          
    0:00:11  572751.0      2.25     329.5       0.0                          
    0:00:11  572751.0      2.25     329.5       0.0                          
    0:00:11  572751.0      2.25     329.5       0.0                          
    0:00:11  572391.0      2.25     330.5       0.0                          
    0:00:11  572175.0      2.26     330.8       0.0                          
    0:00:11  572175.0      2.26     330.8       0.0                          
    0:00:11  572175.0      2.26     330.8       0.0                          
    0:00:11  572175.0      2.26     330.8       0.0                          
    0:00:11  572175.0      2.26     330.8       0.0                          
    0:00:11  572175.0      2.26     330.8       0.0                          
    0:00:11  572175.0      2.26     330.8       0.0                          
    0:00:11  572535.0      2.25     330.5       0.0 Dependency_reg/dependency_exists_reg[4]/D
    0:00:12  572535.0      2.23     330.6       0.0 Input_Buffer/Read_pointer/count_out_reg[0]/D
    0:00:12  572751.0      2.23     330.6       0.0 Input_Buffer/Read_pointer/count_out_reg[0]/D
    0:00:12  572607.0      2.22     330.5       0.0 Input_Buffer/Read_pointer/count_out_reg[0]/D
    0:00:12  572976.0      2.22     330.5       0.0 Input_Buffer/Read_pointer/count_out_reg[1]/D
    0:00:12  572976.0      2.22     330.5       0.0 Input_Buffer/Read_pointer/count_out_reg[1]/D
    0:00:12  572976.0      2.22     330.5       0.0 Dependency_reg/dependency_exists_reg[4]/D
    0:00:12  572760.0      2.22     330.5       0.0                          
    0:00:12  571608.0      2.22     330.5       0.0                          
    0:00:12  571680.0      2.22     330.5       0.0                          
    0:00:12  571824.0      2.22     330.4       0.0                          
    0:00:13  572400.0      2.22     315.3       0.0                          
    0:00:13  573345.0      2.21     315.3       0.0 Input_Buffer/Read_pointer/count_out_reg[1]/D
    0:00:13  573273.0      2.21     315.2       0.0 Dependency_reg/dependency_exists_reg[4]/D
    0:00:13  574137.0      2.20     315.1       0.0 Input_Buffer/Read_pointer/count_out_reg[0]/D
    0:00:13  574425.0      2.19     315.0       0.0 Input_Buffer/Read_pointer/count_out_reg[0]/D
    0:00:13  574785.0      2.19     314.8       0.0 Input_Buffer/Read_pointer/count_out_reg[0]/D
    0:00:13  575145.0      2.19     314.8       0.0 Input_Buffer/Read_pointer/count_out_reg[1]/D
    0:00:13  575145.0      2.18     314.8       0.0 Input_Buffer/Read_pointer/count_out_reg[1]/D
    0:00:13  575217.0      2.18     314.7       0.0 Dependency_reg/dependency_exists_reg[4]/D
    0:00:13  575217.0      2.18     314.6       0.0 Dependency_reg/dependency_exists_reg[4]/D
    0:00:13  575217.0      2.18     314.6       0.0 Input_Buffer/Read_pointer/count_out_reg[0]/D
    0:00:13  575361.0      2.18     314.6       0.0 Input_Buffer/Read_pointer/count_out_reg[2]/D
    0:00:13  575874.0      2.17     314.6       0.0 Dependency_reg/dependency_exists_reg[4]/D
    0:00:13  575442.0      2.17     314.6       0.0 Input_Buffer/Read_pointer/count_out_reg[0]/D
    0:00:13  575442.0      2.17     314.6       0.0 Input_Buffer/Read_pointer/count_out_reg[0]/D
    0:00:14  575442.0      2.17     314.6       0.0 Input_Buffer/Read_pointer/count_out_reg[0]/D
    0:00:14  575514.0      2.17     314.5       0.0 Dependency_reg/dependency_exists_reg[10]/D
    0:00:14  575658.0      2.17     314.5       0.0 Input_Buffer/Read_pointer/count_out_reg[0]/D
    0:00:14  575658.0      2.17     314.5       0.0 Input_Buffer/Read_pointer/count_out_reg[0]/D
    0:00:14  575730.0      2.17     314.5       0.0 Input_Buffer/Read_pointer/count_out_reg[2]/D
    0:00:14  575730.0      2.17     314.5       0.0 Dependency_reg/dependency_exists_reg[10]/D
    0:00:14  576018.0      2.16     314.4       0.0 Input_Buffer/Read_pointer/count_out_reg[0]/D
Loading db file '/package/eda/cells/OSU/v2.7/synopsys/lib/ami05/osu05_stdcells.db'

  Optimization Complete
  ---------------------
1
dc_shell> dc_shell> dc_shell> dc_shell> dc_shell> dc_shell> dc_shell> dc_shell> Writing verilog file '/home/ecegrid/a/mg76/ece337/ProjectScheduler/mapped/scheduler.v'.
Warning: Verilog 'assign' or 'tran' statements are written out. (VO-4)
1
dc_shell> 
Script Done

dc_shell> 
Checking Design

dc_shell>  
****************************************
check_design summary:
Version:     G-2012.06
Date:        Tue Apr 28 13:08:19 2015
****************************************

                   Name                                            Total
--------------------------------------------------------------------------------
Inputs/Outputs                                                      2
    Constant outputs (LINT-52)                                      2

Cells                                                              14
    Connected to power or ground (LINT-32)                         10
    Nets connected to multiple pins on same cell (LINT-33)          4
--------------------------------------------------------------------------------

Warning: In design 'flex_fifo_WIDTH16_DEPTH10_BITS_WIDTH4_BITS_DEPTH4', a pin on submodule 'Write_pointer' is connected to logic 1 or logic 0. (LINT-32)
   Pin 'clear' is connected to logic 0. 
Warning: In design 'flex_fifo_WIDTH16_DEPTH10_BITS_WIDTH4_BITS_DEPTH4', a pin on submodule 'Write_pointer' is connected to logic 1 or logic 0. (LINT-32)
   Pin 'rollover_val[3]' is connected to logic 1. 
Warning: In design 'flex_fifo_WIDTH16_DEPTH10_BITS_WIDTH4_BITS_DEPTH4', a pin on submodule 'Write_pointer' is connected to logic 1 or logic 0. (LINT-32)
   Pin 'rollover_val[2]' is connected to logic 0. 
Warning: In design 'flex_fifo_WIDTH16_DEPTH10_BITS_WIDTH4_BITS_DEPTH4', a pin on submodule 'Write_pointer' is connected to logic 1 or logic 0. (LINT-32)
   Pin 'rollover_val[1]' is connected to logic 0. 
Warning: In design 'flex_fifo_WIDTH16_DEPTH10_BITS_WIDTH4_BITS_DEPTH4', a pin on submodule 'Write_pointer' is connected to logic 1 or logic 0. (LINT-32)
   Pin 'rollover_val[0]' is connected to logic 1. 
Warning: In design 'flex_fifo_WIDTH16_DEPTH10_BITS_WIDTH4_BITS_DEPTH4', a pin on submodule 'Read_pointer' is connected to logic 1 or logic 0. (LINT-32)
   Pin 'clear' is connected to logic 0. 
Warning: In design 'flex_fifo_WIDTH16_DEPTH10_BITS_WIDTH4_BITS_DEPTH4', a pin on submodule 'Read_pointer' is connected to logic 1 or logic 0. (LINT-32)
   Pin 'rollover_val[3]' is connected to logic 1. 
Warning: In design 'flex_fifo_WIDTH16_DEPTH10_BITS_WIDTH4_BITS_DEPTH4', a pin on submodule 'Read_pointer' is connected to logic 1 or logic 0. (LINT-32)
   Pin 'rollover_val[2]' is connected to logic 0. 
Warning: In design 'flex_fifo_WIDTH16_DEPTH10_BITS_WIDTH4_BITS_DEPTH4', a pin on submodule 'Read_pointer' is connected to logic 1 or logic 0. (LINT-32)
   Pin 'rollover_val[1]' is connected to logic 0. 
Warning: In design 'flex_fifo_WIDTH16_DEPTH10_BITS_WIDTH4_BITS_DEPTH4', a pin on submodule 'Read_pointer' is connected to logic 1 or logic 0. (LINT-32)
   Pin 'rollover_val[0]' is connected to logic 1. 
Warning: In design 'flex_fifo_WIDTH16_DEPTH10_BITS_WIDTH4_BITS_DEPTH4', the same net is connected to more than one pin on submodule 'Write_pointer'. (LINT-33)
   Net '*Logic1*' is connected to pins 'rollover_val[3]', 'rollover_val[0]''.
Warning: In design 'flex_fifo_WIDTH16_DEPTH10_BITS_WIDTH4_BITS_DEPTH4', the same net is connected to more than one pin on submodule 'Write_pointer'. (LINT-33)
   Net '*Logic0*' is connected to pins 'rollover_val[2]', 'rollover_val[1]''.
Warning: In design 'flex_fifo_WIDTH16_DEPTH10_BITS_WIDTH4_BITS_DEPTH4', the same net is connected to more than one pin on submodule 'Read_pointer'. (LINT-33)
   Net '*Logic1*' is connected to pins 'rollover_val[3]', 'rollover_val[0]''.
Warning: In design 'flex_fifo_WIDTH16_DEPTH10_BITS_WIDTH4_BITS_DEPTH4', the same net is connected to more than one pin on submodule 'Read_pointer'. (LINT-33)
   Net '*Logic0*' is connected to pins 'rollover_val[2]', 'rollover_val[1]''.
Warning: In design 'flex_indexer_NUM_CNT_BITS4_1', output port 'rollover_flag' is connected directly to 'logic 0'. (LINT-52)
Warning: In design 'flex_indexer_NUM_CNT_BITS4_0', output port 'rollover_flag' is connected directly to 'logic 0'. (LINT-52)
1
dc_shell> 
Thank you...
Done


